-------------------------------------------------------------------------------
Test set: logInTest
-------------------------------------------------------------------------------
<<<<<<< HEAD
<<<<<<< HEAD
Tests run: 1, Failures: 0, Errors: 0, Skipped: 0, Time elapsed: 3.207 sec - in logInTest
=======
Tests run: 1, Failures: 0, Errors: 0, Skipped: 0, Time elapsed: 0.345 sec - in logInTest
>>>>>>> iteration1-test-Lingsong
=======
Tests run: 1, Failures: 0, Errors: 0, Skipped: 0, Time elapsed: 3.938 sec - in logInTest
>>>>>>> iteration1-test-wen
